[16:57:14] [ServerMain/INFO]: [bootstrap] Running Java 21 (OpenJDK 64-Bit Server VM 21.0.8+9-Ubuntu-0ubuntu124.04.1; Ubuntu null) on Linux 6.8.0-1030-azure (amd64)
[16:57:14] [ServerMain/INFO]: [bootstrap] Loading Paper 1.21.8-6-main@782ce95 (2025-07-18T20:26:58Z) for Minecraft 1.21.8
[16:57:14] [ServerMain/INFO]: [PluginInitializerManager] Initializing plugins...
[16:57:14] [ServerMain/INFO]: [PluginInitializerManager] Initialized 0 plugins
[16:57:15] [Paper Plugin Remapper Thread - 1/INFO]: [ReobfServer] Remapping server...
[16:57:23] [ServerMain/INFO]: Environment: Environment[sessionHost=https://sessionserver.mojang.com, servicesHost=https://api.minecraftservices.com, name=PROD]
[16:57:23] [ServerMain/INFO]: Found new data pack file/bukkit, loading it automatically
[16:57:23] [ServerMain/INFO]: Found new data pack paper, loading it automatically
[16:57:24] [Paper Plugin Remapper Thread - 1/INFO]: [ReobfServer] Done remapping server in 9329ms.
[16:57:24] [ServerMain/INFO]: No existing world data, creating new world
[16:57:25] [ServerMain/INFO]: Loaded 1407 recipes
[16:57:25] [ServerMain/INFO]: Loaded 1520 advancements
[16:57:25] [ServerMain/INFO]: [ca.spottedleaf.dataconverter.minecraft.datatypes.MCTypeRegistry] Initialising converters for DataConverter...
[16:57:26] [ServerMain/INFO]: [ca.spottedleaf.dataconverter.minecraft.datatypes.MCTypeRegistry] Finished initialising converters for DataConverter in 378.6ms
[16:57:26] [Server thread/INFO]: Starting minecraft server version 1.21.8
[16:57:26] [Server thread/INFO]: Loading properties
[16:57:26] [Server thread/INFO]: This server is running Paper version 1.21.8-6-main@782ce95 (2025-07-18T20:26:58Z) (Implementing API version 1.21.8-R0.1-SNAPSHOT)
[16:57:26] [Server thread/INFO]: [spark] This server bundles the spark profiler. For more information please visit https://docs.papermc.io/paper/profiling
[16:57:26] [Server thread/INFO]: Server Ping Player Sample Count: 12
[16:57:26] [Server thread/INFO]: Using 4 threads for Netty based IO
[16:57:27] [Server thread/INFO]: [MoonriseCommon] Paper is using 1 worker threads, 1 I/O threads
[16:57:27] [Server thread/INFO]: [ChunkTaskScheduler] Chunk system is using population gen parallelism: true
[16:57:28] [Server thread/INFO]: Default game type: SURVIVAL
[16:57:28] [Server thread/INFO]: Generating keypair
[16:57:28] [Server thread/INFO]: Starting Minecraft server on *:25565
[16:57:28] [Server thread/INFO]: Using epoll channel type
[16:57:28] [Server thread/INFO]: Paper: Using libdeflate (Linux x86_64) compression from Velocity.
[16:57:28] [Server thread/INFO]: Paper: Using OpenSSL 3.x.x (Linux x86_64) cipher from Velocity.
[16:57:28] [Server thread/WARN]: **** SERVER IS RUNNING IN OFFLINE/INSECURE MODE!
[16:57:28] [Server thread/WARN]: The server will make no attempt to authenticate usernames. Beware.
[16:57:28] [Server thread/WARN]: While this makes the game possible to play without internet access, it also opens up the ability for hackers to connect with any username they choose.
[16:57:28] [Server thread/WARN]: To change this, set "online-mode" to "true" in the server.properties file.
[16:57:28] [Server thread/INFO]: Preparing level "world"
[16:57:38] [Server thread/INFO]: Preparing start region for dimension minecraft:overworld
[16:57:38] [Server thread/INFO]: Preparing spawn area: 2%
[16:57:39] [Server thread/INFO]: Preparing spawn area: 2%
[16:57:39] [Server thread/INFO]: Preparing spawn area: 2%
[16:57:39] [Server thread/INFO]: Preparing spawn area: 2%
[16:57:40] [Server thread/INFO]: Preparing spawn area: 2%
[16:57:40] [Server thread/INFO]: Preparing spawn area: 2%
[16:57:41] [Server thread/INFO]: Preparing spawn area: 10%
[16:57:41] [Server thread/INFO]: Preparing spawn area: 18%
[16:57:42] [Server thread/INFO]: Preparing spawn area: 18%
[16:57:42] [Server thread/INFO]: Preparing spawn area: 18%
[16:57:43] [Server thread/INFO]: Preparing spawn area: 48%
[16:57:43] [Server thread/INFO]: Preparing spawn area: 51%
[16:57:44] [Server thread/INFO]: Preparing spawn area: 65%
[16:57:44] [Server thread/INFO]: Preparing spawn area: 87%
[16:57:44] [Server thread/INFO]: Time elapsed: 6759 ms
[16:57:44] [Server thread/INFO]: Preparing start region for dimension minecraft:the_nether
[16:57:44] [Server thread/INFO]: Preparing spawn area: 2%
[16:57:45] [Server thread/INFO]: Preparing spawn area: 14%
[16:57:45] [Server thread/INFO]: Preparing spawn area: 18%
[16:57:46] [Server thread/INFO]: Preparing spawn area: 51%
[16:57:46] [Server thread/INFO]: Time elapsed: 1865 ms
[16:57:46] [Server thread/INFO]: Preparing start region for dimension minecraft:the_end
[16:57:46] [Server thread/INFO]: Preparing spawn area: 2%
[16:57:47] [Server thread/INFO]: Time elapsed: 496 ms
[16:57:47] [Server thread/INFO]: [spark] Starting background profiler...
[16:57:47] [Server thread/INFO]: Done preparing level "world" (19.296s)
[16:57:47] [Server thread/INFO]: Running delayed init tasks
[16:57:47] [Server thread/INFO]: Done (33.855s)! For help, type "help"
[16:57:47] [Server thread/INFO]: *************************************************************************************
[16:57:47] [Server thread/INFO]: This is the first time you're starting this server.
[16:57:47] [Server thread/INFO]: It's recommended you read our 'Getting Started' documentation for guidance.
[16:57:47] [Server thread/INFO]: View this and more helpful information here: https://docs.papermc.io/paper/next-steps
[16:57:47] [Server thread/INFO]: *************************************************************************************
[16:58:01] [User Authenticator #0/INFO]: UUID of player esteban_39458 is 6c66e6fa-d536-33c2-ad59-12f7df485f06
[16:58:02] [Server thread/INFO]: esteban_39458 joined the game
[16:58:02] [Server thread/INFO]: esteban_39458[/127.123.106.88:41661] logged in with entity id 39 at ([world]431.5, 74.0, -77.5)
[16:58:07] [Server thread/INFO]: esteban_39458 lost connection: Disconnected
[16:58:07] [Server thread/INFO]: esteban_39458 left the game
[16:59:26] [Server thread/INFO]: Stopping the server
[16:59:26] [Server thread/INFO]: Stopping server
[16:59:26] [Server thread/INFO]: Saving players
[16:59:26] [Server thread/INFO]: Saving worlds
[16:59:26] [Server thread/INFO]: Saving chunks for level 'ServerLevel[world]'/minecraft:overworld
[16:59:26] [Server thread/INFO]: [ChunkHolderManager] Waiting 60s for chunk system to halt for world 'world'
[16:59:26] [Server thread/INFO]: [ChunkHolderManager] Halted chunk system for world 'world'
[16:59:26] [Server thread/INFO]: [ChunkHolderManager] Saving all chunkholders for world 'world'
[16:59:27] [Server thread/INFO]: [ChunkHolderManager] Saved 841 block chunks, 153 entity chunks, 0 poi chunks in world 'world' in 0.90s
[16:59:27] [Server thread/INFO]: [ChunkHolderManager] Waiting 60s for chunk I/O to halt for world 'world'
[16:59:27] [Server thread/INFO]: [ChunkHolderManager] Halted I/O scheduler for world 'world'
[16:59:27] [Server thread/INFO]: Saving chunks for level 'ServerLevel[world_nether]'/minecraft:the_nether
[16:59:27] [Server thread/INFO]: [ChunkHolderManager] Waiting 60s for chunk system to halt for world 'world_nether'
[16:59:27] [Server thread/INFO]: [ChunkHolderManager] Halted chunk system for world 'world_nether'
[16:59:27] [Server thread/INFO]: [ChunkHolderManager] Saving all chunkholders for world 'world_nether'
[16:59:28] [Server thread/INFO]: [ChunkHolderManager] Saved 841 block chunks, 49 entity chunks, 0 poi chunks in world 'world_nether' in 0.63s
[16:59:28] [Server thread/INFO]: [ChunkHolderManager] Waiting 60s for chunk I/O to halt for world 'world_nether'
[16:59:28] [Server thread/INFO]: [ChunkHolderManager] Halted I/O scheduler for world 'world_nether'
[16:59:28] [Server thread/INFO]: Saving chunks for level 'ServerLevel[world_the_end]'/minecraft:the_end
[16:59:28] [Server thread/INFO]: [ChunkHolderManager] Waiting 60s for chunk system to halt for world 'world_the_end'
[16:59:28] [Server thread/INFO]: [ChunkHolderManager] Halted chunk system for world 'world_the_end'
[16:59:28] [Server thread/INFO]: [ChunkHolderManager] Saving all chunkholders for world 'world_the_end'
[16:59:28] [Server thread/INFO]: [ChunkHolderManager] Saved 841 block chunks, 49 entity chunks, 0 poi chunks in world 'world_the_end' in 0.36s
[16:59:28] [Server thread/INFO]: [ChunkHolderManager] Waiting 60s for chunk I/O to halt for world 'world_the_end'
[16:59:28] [Server thread/INFO]: [ChunkHolderManager] Halted I/O scheduler for world 'world_the_end'
[16:59:28] [Server thread/INFO]: ThreadedAnvilChunkStorage (world): All chunks are saved
[16:59:28] [Server thread/INFO]: ThreadedAnvilChunkStorage (DIM-1): All chunks are saved
[16:59:28] [Server thread/INFO]: ThreadedAnvilChunkStorage (DIM1): All chunks are saved
[16:59:28] [Server thread/INFO]: ThreadedAnvilChunkStorage: All dimensions are saved
[16:59:28] [Server thread/INFO]: Waiting for all RegionFile I/O tasks to complete...
[16:59:28] [Server thread/INFO]: All RegionFile I/O tasks to complete
[16:59:28] [Server thread/INFO]: [MoonriseCommon] Awaiting termination of worker pool for up to 60s...
[16:59:28] [Server thread/INFO]: [MoonriseCommon] Awaiting termination of I/O pool for up to 60s...
